Initialized native services in: /workspaces/Radio_Satelital/.gradle/native
Initialized jansi services in: /workspaces/Radio_Satelital/.gradle/native

Welcome to Gradle 9.2.1!

Here are the highlights of this release:
 - Windows ARM support
 - Improved publishing APIs
 - Better guidance for dependency verification failures

For more details see https://docs.gradle.org/9.2.1/release-notes.html

To honour the JVM settings for this build a single-use Daemon process will be forked. For more on this, please refer to https://docs.gradle.org/9.2.1/userguide/gradle_daemon.html#sec:disabling_the_daemon in the Gradle documentation.
Starting process 'Gradle build daemon'. Working directory: /workspaces/Radio_Satelital/.gradle/daemon/9.2.1 Command: /usr/local/sdkman/candidates/java/25.0.1-ms/bin/java --add-opens=java.base/java.lang=ALL-UNNAMED --add-opens=java.base/java.lang.invoke=ALL-UNNAMED --add-opens=java.base/java.util=ALL-UNNAMED --add-opens=java.prefs/java.util.prefs=ALL-UNNAMED --add-exports=jdk.compiler/com.sun.tools.javac.api=ALL-UNNAMED --add-exports=jdk.compiler/com.sun.tools.javac.util=ALL-UNNAMED --add-opens=java.base/java.util=ALL-UNNAMED --add-opens=java.prefs/java.util.prefs=ALL-UNNAMED --add-opens=java.base/java.nio.charset=ALL-UNNAMED --add-opens=java.base/java.net=ALL-UNNAMED --add-opens=java.base/java.util.concurrent=ALL-UNNAMED --add-opens=java.base/java.util.concurrent.atomic=ALL-UNNAMED --add-opens=java.xml/javax.xml.namespace=ALL-UNNAMED --add-opens=java.base/java.time=ALL-UNNAMED --enable-native-access=ALL-UNNAMED -XX:MaxMetaspaceSize=512m -XX:ReservedCodeCacheSize=1024m -XX:+UseG1GC -XX:MaxGCPauseMillis=200 -Xms512m -Xmx3072m -Dfile.encoding=UTF-8 -Duser.country -Duser.language=en -Duser.variant -cp /usr/local/sdkman/candidates/gradle/9.2.1/lib/gradle-daemon-main-9.2.1.jar -javaagent:/usr/local/sdkman/candidates/gradle/9.2.1/lib/agents/gradle-instrumentation-agent-9.2.1.jar org.gradle.launcher.daemon.bootstrap.GradleDaemon 9.2.1
Successfully started process 'Gradle build daemon'
An attempt to start the daemon took 2.605 secs.
The client will now receive all logging from the daemon (pid: 46391). The daemon log file: /workspaces/Radio_Satelital/.gradle/daemon/9.2.1/daemon-46391.out.log
Daemon will be stopped at the end of the build 
Using 2 worker leases.

FAILURE: Build failed with an exception.

* What went wrong:
Directory '/workspaces/Radio_Satelital' does not contain a Gradle build.

A Gradle build's root directory should contain one of the possible settings files: settings.gradle, settings.gradle.kts, settings.gradle.dcl.It may also contain one of the possible build files: build.gradle, build.gradle.kts, build.gradle.dcl.

To create a new Gradle build in this directory run 'gradle init'

For more information about the 'init' task, please refer to https://docs.gradle.org/9.2.1/userguide/build_init_plugin.html in the Gradle documentation.

For more details on creating a Gradle build, please refer to https://docs.gradle.org/9.2.1/userguide/tutorial_using_tasks.html in the Gradle documentation.

* Try:
> Run gradle init to create a new Gradle build in this directory.
> Run with --stacktrace option to get the stack trace.
> Run with --debug option to get more log output.
> Get more help at https://help.gradle.org.

BUILD FAILED in 6s
