2026-03-21T16:02:45.376+0000 [DEBUG] [org.gradle.launcher.daemon.bootstrap.DaemonMain] Assuming the daemon was started with following jvm opts: [-XX:MaxMetaspaceSize=512m, -XX:ReservedCodeCacheSize=1024m, -XX:+UseG1GC, -XX:MaxGCPauseMillis=200, -Xms512m, -Xmx3072m, -Dfile.encoding=UTF-8, -Duser.country, -Duser.language=en, -Duser.variant]
2026-03-21T16:02:45.802+0000 [DEBUG] [org.gradle.internal.remote.internal.inet.InetAddresses] Adding IP addresses for network interface docker0
2026-03-21T16:02:45.803+0000 [DEBUG] [org.gradle.internal.remote.internal.inet.InetAddresses] Is this a loopback interface? false
2026-03-21T16:02:45.804+0000 [DEBUG] [org.gradle.internal.remote.internal.inet.InetAddresses] Adding remote address /172.17.0.1
2026-03-21T16:02:45.806+0000 [DEBUG] [org.gradle.internal.remote.internal.inet.InetAddresses] Adding IP addresses for network interface eth0
2026-03-21T16:02:45.806+0000 [DEBUG] [org.gradle.internal.remote.internal.inet.InetAddresses] Is this a loopback interface? false
2026-03-21T16:02:45.807+0000 [DEBUG] [org.gradle.internal.remote.internal.inet.InetAddresses] Adding remote address /fe80:0:0:0:222:48ff:fe4c:6287%eth0
2026-03-21T16:02:45.807+0000 [DEBUG] [org.gradle.internal.remote.internal.inet.InetAddresses] Adding remote address /10.0.11.199
2026-03-21T16:02:45.808+0000 [DEBUG] [org.gradle.internal.remote.internal.inet.InetAddresses] Adding IP addresses for network interface lo
2026-03-21T16:02:45.808+0000 [DEBUG] [org.gradle.internal.remote.internal.inet.InetAddresses] Is this a loopback interface? true
2026-03-21T16:02:45.809+0000 [DEBUG] [org.gradle.internal.remote.internal.inet.InetAddresses] Adding loopback address /0:0:0:0:0:0:0:1%lo
2026-03-21T16:02:45.809+0000 [DEBUG] [org.gradle.internal.remote.internal.inet.InetAddresses] Adding loopback address /127.0.0.1
2026-03-21T16:02:45.906+0000 [INFO] [org.gradle.launcher.daemon.server.Daemon] start() called on daemon - DefaultDaemonContext[uid=8616c44d-bf1f-4649-91c5-ffb8f626cc19,javaHome=/usr/local/sdkman/candidates/java/25.0.1-ms,javaVersion=25,javaVendor=Microsoft,daemonRegistryDir=/workspaces/Radio_Satelital/.gradle/daemon,pid=46391,idleTimeout=30000,priority=NORMAL,applyInstrumentationAgent=true,nativeServicesMode=ENABLED,daemonOpts=-XX:MaxMetaspaceSize=512m,-XX:ReservedCodeCacheSize=1024m,-XX:+UseG1GC,-XX:MaxGCPauseMillis=200,-Xms512m,-Xmx3072m,-Dfile.encoding=UTF-8,-Duser.country,-Duser.language=en,-Duser.variant]
2026-03-21T16:02:45.939+0000 [DEBUG] [org.gradle.internal.remote.internal.inet.TcpIncomingConnector] Listening on [5c3b90c0-b03c-4e37-9a65-d64cbc293e3e port:42119, addresses:[localhost/127.0.0.1]].
2026-03-21T16:02:45.995+0000 [DEBUG] [org.gradle.launcher.daemon.server.Daemon] Daemon starting at: Sat Mar 21 16:02:45 UTC 2026, with address: [5c3b90c0-b03c-4e37-9a65-d64cbc293e3e port:42119, addresses:[localhost/127.0.0.1]]
2026-03-21T16:02:45.996+0000 [INFO] [org.gradle.launcher.daemon.server.DaemonRegistryUpdater] Advertising the daemon address to the clients: [5c3b90c0-b03c-4e37-9a65-d64cbc293e3e port:42119, addresses:[localhost/127.0.0.1]]
2026-03-21T16:02:45.999+0000 [DEBUG] [org.gradle.launcher.daemon.server.DaemonRegistryUpdater] Advertised daemon context: DefaultDaemonContext[uid=8616c44d-bf1f-4649-91c5-ffb8f626cc19,javaHome=/usr/local/sdkman/candidates/java/25.0.1-ms,javaVersion=25,javaVendor=Microsoft,daemonRegistryDir=/workspaces/Radio_Satelital/.gradle/daemon,pid=46391,idleTimeout=30000,priority=NORMAL,applyInstrumentationAgent=true,nativeServicesMode=ENABLED,daemonOpts=-XX:MaxMetaspaceSize=512m,-XX:ReservedCodeCacheSize=1024m,-XX:+UseG1GC,-XX:MaxGCPauseMillis=200,-Xms512m,-Xmx3072m,-Dfile.encoding=UTF-8,-Duser.country,-Duser.language=en,-Duser.variant]
2026-03-21T16:02:46.000+0000 [DEBUG] [org.gradle.launcher.daemon.registry.PersistentDaemonRegistry] Storing daemon address: [5c3b90c0-b03c-4e37-9a65-d64cbc293e3e port:42119, addresses:[localhost/127.0.0.1]], context: DefaultDaemonContext[uid=8616c44d-bf1f-4649-91c5-ffb8f626cc19,javaHome=/usr/local/sdkman/candidates/java/25.0.1-ms,javaVersion=25,javaVendor=Microsoft,daemonRegistryDir=/workspaces/Radio_Satelital/.gradle/daemon,pid=46391,idleTimeout=30000,priority=NORMAL,applyInstrumentationAgent=true,nativeServicesMode=ENABLED,daemonOpts=-XX:MaxMetaspaceSize=512m,-XX:ReservedCodeCacheSize=1024m,-XX:+UseG1GC,-XX:MaxGCPauseMillis=200,-Xms512m,-Xmx3072m,-Dfile.encoding=UTF-8,-Duser.country,-Duser.language=en,-Duser.variant]
2026-03-21T16:02:46.024+0000 [DEBUG] [org.gradle.cache.internal.DefaultFileLockManager] Waiting to acquire exclusive lock on daemon addresses registry.
2026-03-21T16:02:46.033+0000 [DEBUG] [org.gradle.cache.internal.DefaultFileLockManager] Lock acquired on daemon addresses registry.
2026-03-21T16:02:46.034+0000 [DEBUG] [org.gradle.cache.internal.DefaultFileLockManager] Releasing lock on daemon addresses registry.
2026-03-21T16:02:46.036+0000 [DEBUG] [org.gradle.cache.internal.DefaultFileLockManager] Waiting to acquire exclusive lock on daemon addresses registry.
2026-03-21T16:02:46.037+0000 [DEBUG] [org.gradle.cache.internal.DefaultFileLockManager] Lock acquired on daemon addresses registry.
2026-03-21T16:02:46.040+0000 [DEBUG] [org.gradle.cache.internal.DefaultFileLockManager] Releasing lock on daemon addresses registry.
2026-03-21T16:02:46.040+0000 [LIFECYCLE] [org.gradle.launcher.daemon.server.Daemon] Daemon server started.
2026-03-21T16:02:46.041+0000 [DEBUG] [org.gradle.launcher.daemon.bootstrap.DaemonStartupCommunication] Completed writing the daemon greeting. Closing streams...
2026-03-21T16:02:46.056+0000 [DEBUG] [org.gradle.launcher.daemon.server.Daemon] stopOnExpiration() called on daemon
2026-03-21T16:02:46.057+0000 [DEBUG] [org.gradle.launcher.daemon.server.Daemon] awaitExpiration() called on daemon
2026-03-21T16:02:46.058+0000 [DEBUG] [org.gradle.launcher.daemon.server.DaemonStateCoordinator] daemon is running. Sleeping until state changes.
2026-03-21T16:02:46.089+0000 [DEBUG] [org.gradle.internal.remote.internal.inet.TcpIncomingConnector] Accepted connection from /127.0.0.1:46566 to /127.0.0.1:42119.
2026-03-21T16:02:46.143+0000 [DEBUG] [org.gradle.launcher.daemon.server.SynchronizedDispatchConnection] thread 29: received class org.gradle.launcher.daemon.protocol.Build
2026-03-21T16:02:46.143+0000 [DEBUG] [org.gradle.launcher.daemon.server.DefaultDaemonConnection] thread 29: Received non-IO message from client: Build{id=079afd88-4b37-496f-921d-342a8a34b584, currentDir=/workspaces/Radio_Satelital}
2026-03-21T16:02:46.144+0000 [INFO] [org.gradle.launcher.daemon.server.DefaultIncomingConnectionHandler] Received command: Build{id=079afd88-4b37-496f-921d-342a8a34b584, currentDir=/workspaces/Radio_Satelital}.
2026-03-21T16:02:46.145+0000 [DEBUG] [org.gradle.launcher.daemon.server.DefaultIncomingConnectionHandler] Starting executing command: Build{id=079afd88-4b37-496f-921d-342a8a34b584, currentDir=/workspaces/Radio_Satelital} with connection: socket connection from /127.0.0.1:42119 to /127.0.0.1:46566.
2026-03-21T16:02:46.152+0000 [DEBUG] [org.gradle.launcher.daemon.server.DaemonStateCoordinator] Command execution: started DaemonCommandExecution[command = Build{id=079afd88-4b37-496f-921d-342a8a34b584, currentDir=/workspaces/Radio_Satelital}, connection = DefaultDaemonConnection: socket connection from /127.0.0.1:42119 to /127.0.0.1:46566] after 0.0035833333333333333 minutes of idle
2026-03-21T16:02:46.152+0000 [INFO] [org.gradle.launcher.daemon.server.DaemonRegistryUpdater] Marking the daemon as busy, address: [5c3b90c0-b03c-4e37-9a65-d64cbc293e3e port:42119, addresses:[localhost/127.0.0.1]]
2026-03-21T16:02:46.153+0000 [DEBUG] [org.gradle.launcher.daemon.registry.PersistentDaemonRegistry] Marking busy by address: [5c3b90c0-b03c-4e37-9a65-d64cbc293e3e port:42119, addresses:[localhost/127.0.0.1]]
2026-03-21T16:02:46.154+0000 [DEBUG] [org.gradle.cache.internal.DefaultFileLockManager] Waiting to acquire exclusive lock on daemon addresses registry.
2026-03-21T16:02:46.154+0000 [DEBUG] [org.gradle.cache.internal.DefaultFileLockManager] Lock acquired on daemon addresses registry.
2026-03-21T16:02:46.156+0000 [DEBUG] [org.gradle.cache.internal.DefaultFileLockManager] Releasing lock on daemon addresses registry.
2026-03-21T16:02:46.157+0000 [DEBUG] [org.gradle.launcher.daemon.server.DaemonStateCoordinator] resetting idle timer
2026-03-21T16:02:46.158+0000 [DEBUG] [org.gradle.launcher.daemon.server.DaemonStateCoordinator] daemon is running. Sleeping until state changes.
2026-03-21T16:02:46.158+0000 [INFO] [org.gradle.launcher.daemon.server.exec.StartBuildOrRespondWithBusy] Daemon is about to start building Build{id=079afd88-4b37-496f-921d-342a8a34b584, currentDir=/workspaces/Radio_Satelital}. Dispatching build started information...
2026-03-21T16:02:46.158+0000 [DEBUG] [org.gradle.launcher.daemon.server.SynchronizedDispatchConnection] thread 31: dispatching org.gradle.launcher.daemon.protocol.BuildStarted@577d12a1
2026-03-21T16:02:46.163+0000 [DEBUG] [org.gradle.launcher.daemon.server.exec.EstablishBuildEnvironment] Configuring env variables: [IRBRC, PATH, HISTCONTROL, CODESPACES, CODESPACE_VSCODE_FOLDER, PROMPT_DIRTRIM, VSCODE_PYTHON_AUTOACTIVATE_GUARD, ANDROID_HOME, GITHUB_API_URL, COLORTERM, DOCKER_BUILDKIT, SDKMAN_DIR, rvm_version, VSCODE_GIT_ASKPASS_NODE, TERM_PROGRAM_VERSION, PWD, NVS_DIR, CONDA_SCRIPT, SDKMAN_BROKER_API, HUGO_ROOT, NVM_CD_FLAGS, LESSOPEN, RVM_PATH, SDKMAN_CANDIDATES_API, MY_RUBY_HOME, GITHUB_CODESPACE_TOKEN, ContainerVersion, RAILS_DEVELOPMENT_HOSTS, rvm_path, GITHUB_CODESPACES_PORT_FORWARDING_DOMAIN, NVM_SYMLINK_CURRENT, PYTHON_ROOT, GITHUB_USER, SHLVL, DOTNET_RUNNING_IN_CONTAINER, JAVA_ROOT, GITHUB_SERVER_URL, JAVA_HOME, GIT_EDITOR, TERM, FEATURE_SPARK_POST_COMMIT_CREATE_ITERATION, GRADLE_HOME, NVM_INC, GRADLE_USER_HOME, GITHUB_REPOSITORY, VSCODE_IPC_HOOK_CLI, GRADLE_DAEMON_OPTS, _, NUGET_XMLDOC_MODE, RUBY_HOME, NODE_ROOT, ENABLE_DYNAMIC_INSTALL, TERM_PROGRAM, DOTNET_SKIP_FIRST_TIME_EXPERIENCE, PHP_ROOT, RUBY_ROOT, GOROOT, JUPYTERLAB_PATH, GEM_PATH, NVM_BIN, GRADLE_OPTS, NVS_USE_XZ, GIT_MERGE_AUTOEDIT, DOTNET_USE_POLLING_FILE_WATCHER, GIT_PAGER, VSCODE_GIT_IPC_HANDLE, PIPX_HOME, HUGO_DIR, MAVEN_HOME, MAVEN_ROOT, ORYX_PREFER_USER_INSTALLED_SDKS, GIT_ASKPASS, SHELL, GITHUB_TOKEN, GITHUB_GRAPHQL_URL, DEBIAN_FLAVOR, GOPATH, OLDPWD, GEM_HOME, PHP_PATH, DOTNET_ROOT, RUBY_VERSION, DEBUGINFOD_URLS, LS_COLORS, ORYX_ENV_TYPE, PIPX_BIN_DIR, BROWSER, LESSCLOSE, rvm_bin_path, CLOUDENV_ENVIRONMENT_ID, ORYX_SDK_STORAGE_BASE_URL, rvm_prefix, LANG, VSCODE_GIT_ASKPASS_MAIN, INTERNAL_VSCS_TARGET_URL, CONDA_DIR, VSCODE_GIT_ASKPASS_EXTRA_ARGS, SDKMAN_CANDIDATES_DIR, NVS_HOME, NVS_ROOT, NVM_DIR, NVS_OS, SHELL_LOGGED_IN, PYTHON_PATH, PYTHONIOENCODING, SDKMAN_PLATFORM, ANDROID_SDK_ROOT, USER, ORYX_DIR, HOSTNAME, CODESPACE_NAME, NPM_GLOBAL, HOME, DYNAMIC_INSTALL_ROOT_DIR]
2026-03-21T16:02:46.184+0000 [DEBUG] [org.gradle.launcher.daemon.server.exec.LogToClient] About to start relaying all logs to the client via the connection.
2026-03-21T16:02:46.185+0000 [INFO] [org.gradle.launcher.daemon.server.exec.LogToClient] The client will now receive all logging from the daemon (pid: 46391). The daemon log file: /workspaces/Radio_Satelital/.gradle/daemon/9.2.1/daemon-46391.out.log
2026-03-21T16:02:46.194+0000 [DEBUG] [org.gradle.launcher.daemon.server.exec.RequestStopIfSingleUsedDaemon] Requesting daemon stop after processing Build{id=079afd88-4b37-496f-921d-342a8a34b584, currentDir=/workspaces/Radio_Satelital}
2026-03-21T16:02:46.197+0000 [LIFECYCLE] [org.gradle.launcher.daemon.server.DaemonStateCoordinator] Daemon will be stopped at the end of the build 
2026-03-21T16:02:46.198+0000 [DEBUG] [org.gradle.launcher.daemon.server.DaemonStateCoordinator] Stop as soon as idle requested. The daemon is busy
2026-03-21T16:02:46.198+0000 [DEBUG] [org.gradle.launcher.daemon.server.DaemonStateCoordinator] daemon stop has been requested. Sleeping until state changes.
2026-03-21T16:02:46.207+0000 [DEBUG] [org.gradle.launcher.daemon.server.exec.ExecuteBuild] The daemon has started executing the build.
2026-03-21T16:02:46.209+0000 [DEBUG] [org.gradle.launcher.daemon.server.exec.ExecuteBuild] Executing build with daemon context: DefaultDaemonContext[uid=8616c44d-bf1f-4649-91c5-ffb8f626cc19,javaHome=/usr/local/sdkman/candidates/java/25.0.1-ms,javaVersion=25,javaVendor=Microsoft,daemonRegistryDir=/workspaces/Radio_Satelital/.gradle/daemon,pid=46391,idleTimeout=30000,priority=NORMAL,applyInstrumentationAgent=true,nativeServicesMode=ENABLED,daemonOpts=-XX:MaxMetaspaceSize=512m,-XX:ReservedCodeCacheSize=1024m,-XX:+UseG1GC,-XX:MaxGCPauseMillis=200,-Xms512m,-Xmx3072m,-Dfile.encoding=UTF-8,-Duser.country,-Duser.language=en,-Duser.variant]
Using 2 worker leases.

FAILURE: Build failed with an exception.

* What went wrong:
Directory '/workspaces/Radio_Satelital' does not contain a Gradle build.

A Gradle build's root directory should contain one of the possible settings files: settings.gradle, settings.gradle.kts, settings.gradle.dcl.It may also contain one of the possible build files: build.gradle, build.gradle.kts, build.gradle.dcl.

To create a new Gradle build in this directory run 'gradle init'

For more information about the 'init' task, please refer to https://docs.gradle.org/9.2.1/userguide/build_init_plugin.html in the Gradle documentation.

For more details on creating a Gradle build, please refer to https://docs.gradle.org/9.2.1/userguide/tutorial_using_tasks.html in the Gradle documentation.

* Try:
> Run gradle init to create a new Gradle build in this directory.
> Run with --stacktrace option to get the stack trace.
> Run with --debug option to get more log output.
> Get more help at https://help.gradle.org.

BUILD FAILED in 6s
2026-03-21T16:02:47.178+0000 [DEBUG] [org.gradle.launcher.daemon.server.exec.ExecuteBuild] The daemon has finished executing the build.
2026-03-21T16:02:47.191+0000 [DEBUG] [org.gradle.launcher.daemon.server.DaemonStateCoordinator] daemon stop has been requested. Sleeping until state changes.
2026-03-21T16:02:47.192+0000 [DEBUG] [org.gradle.launcher.daemon.server.DaemonStateCoordinator] Command execution: finished waiting for DaemonCommandExecution[command = Build{id=079afd88-4b37-496f-921d-342a8a34b584, currentDir=/workspaces/Radio_Satelital}, connection = DefaultDaemonConnection: socket connection from /127.0.0.1:42119 to /127.0.0.1:46566]. Result org.gradle.launcher.daemon.server.DaemonStateCoordinator@684c6ddb with state StopRequested
2026-03-21T16:02:47.192+0000 [DEBUG] [org.gradle.launcher.daemon.server.DaemonStateCoordinator] Command execution: completed DaemonCommandExecution[command = Build{id=079afd88-4b37-496f-921d-342a8a34b584, currentDir=/workspaces/Radio_Satelital}, connection = DefaultDaemonConnection: socket connection from /127.0.0.1:42119 to /127.0.0.1:46566]
2026-03-21T16:02:47.193+0000 [DEBUG] [org.gradle.launcher.daemon.server.DaemonStateCoordinator] resetting idle timer
2026-03-21T16:02:47.193+0000 [DEBUG] [org.gradle.launcher.daemon.server.DaemonStateCoordinator] Marking daemon stopped due to command completed and stop requested. The daemon is not running a build
2026-03-21T16:02:47.193+0000 [DEBUG] [org.gradle.launcher.daemon.server.exec.ReturnResult] Daemon is dispatching the build result: Success[value=org.gradle.launcher.exec.BuildActionResult@736c4f31]
2026-03-21T16:02:47.194+0000 [DEBUG] [org.gradle.launcher.daemon.server.DaemonStateCoordinator] daemon has stopped.
2026-03-21T16:02:47.196+0000 [DEBUG] [org.gradle.launcher.daemon.server.Daemon] stop() called on daemon
2026-03-21T16:02:47.195+0000 [DEBUG] [org.gradle.launcher.daemon.server.SynchronizedDispatchConnection] thread 28: dispatching Success[value=org.gradle.launcher.exec.BuildActionResult@736c4f31]
2026-03-21T16:02:47.198+0000 [INFO] [org.gradle.launcher.daemon.server.Daemon] Stop requested. Daemon is removing its presence from the registry...
2026-03-21T16:02:47.199+0000 [DEBUG] [org.gradle.launcher.daemon.server.DaemonRegistryUpdater] Removing our presence to clients, eg. removing this address from the registry: [5c3b90c0-b03c-4e37-9a65-d64cbc293e3e port:42119, addresses:[localhost/127.0.0.1]]
2026-03-21T16:02:47.199+0000 [DEBUG] [org.gradle.launcher.daemon.registry.PersistentDaemonRegistry] Removing daemon address: [5c3b90c0-b03c-4e37-9a65-d64cbc293e3e port:42119, addresses:[localhost/127.0.0.1]]
2026-03-21T16:02:47.205+0000 [DEBUG] [org.gradle.cache.internal.DefaultFileLockManager] Waiting to acquire exclusive lock on daemon addresses registry.
2026-03-21T16:02:47.207+0000 [DEBUG] [org.gradle.cache.internal.DefaultFileLockManager] Lock acquired on daemon addresses registry.
2026-03-21T16:02:47.209+0000 [DEBUG] [org.gradle.cache.internal.DefaultFileLockManager] Releasing lock on daemon addresses registry.
2026-03-21T16:02:47.210+0000 [DEBUG] [org.gradle.launcher.daemon.server.DaemonRegistryUpdater] Address removed from registry.
2026-03-21T16:02:47.236+0000 [DEBUG] [org.gradle.launcher.daemon.server.exec.CleanUpVirtualFileSystemAfterBuild] Cleaning virtual file system after build finished
2026-03-21T16:02:47.237+0000 [DEBUG] [org.gradle.launcher.daemon.server.DefaultIncomingConnectionHandler] Finishing executing command: Build{id=079afd88-4b37-496f-921d-342a8a34b584, currentDir=/workspaces/Radio_Satelital}
2026-03-21T16:02:47.277+0000 [DEBUG] [org.gradle.launcher.daemon.server.SynchronizedDispatchConnection] thread 29: received class org.gradle.launcher.daemon.protocol.CloseInput
2026-03-21T16:02:47.280+0000 [DEBUG] [org.gradle.launcher.daemon.server.DefaultDaemonConnection] thread 29: Received IO message from client: org.gradle.launcher.daemon.protocol.CloseInput@1b72599f
2026-03-21T16:02:47.282+0000 [DEBUG] [org.gradle.launcher.daemon.server.SynchronizedDispatchConnection] thread 29: received class org.gradle.launcher.daemon.protocol.Finished
2026-03-21T16:02:47.283+0000 [DEBUG] [org.gradle.launcher.daemon.server.DefaultDaemonConnection] thread 29: Received non-IO message from client: org.gradle.launcher.daemon.protocol.Finished@446234b6
2026-03-21T16:02:47.284+0000 [DEBUG] [org.gradle.launcher.daemon.server.DefaultIncomingConnectionHandler] Received finished message: org.gradle.launcher.daemon.protocol.Finished@446234b6
2026-03-21T16:02:47.285+0000 [DEBUG] [org.gradle.launcher.daemon.server.SynchronizedDispatchConnection] thread 28: stopping connection
2026-03-21T16:02:47.287+0000 [DEBUG] [org.gradle.internal.remote.internal.inet.SocketConnection] Discarding EOFException: java.io.EOFException
2026-03-21T16:02:47.287+0000 [DEBUG] [org.gradle.launcher.daemon.server.SynchronizedDispatchConnection] thread 29: received null
2026-03-21T16:02:47.288+0000 [DEBUG] [org.gradle.launcher.daemon.server.DefaultDaemonConnection] thread 29: Received end-of-input from client.
2026-03-21T16:02:47.290+0000 [DEBUG] [org.gradle.launcher.daemon.server.SynchronizedDispatchConnection] thread 28: stopping connection
2026-03-21T16:02:47.290+0000 [DEBUG] [org.gradle.internal.watch.vfs.impl.WatchingVirtualFileSystem] Closing VFS, dropping state
2026-03-21T16:02:47.292+0000 [DEBUG] [org.gradle.cache.internal.DefaultCacheCoordinator] Cache Generated Gradle JARs cache (/workspaces/Radio_Satelital/.gradle/caches/9.2.1/generated-gradle-jars) was closed 0 times.
2026-03-21T16:02:47.300+0000 [DEBUG] [org.gradle.cache.internal.LockOnDemandCrossProcessCacheAccess] Releasing file lock for journal cache (/workspaces/Radio_Satelital/.gradle/caches/journal-1)
2026-03-21T16:02:47.306+0000 [DEBUG] [org.gradle.cache.internal.DefaultFileLockManager] Releasing lock on journal cache (/workspaces/Radio_Satelital/.gradle/caches/journal-1).
2026-03-21T16:02:47.310+0000 [DEBUG] [org.gradle.cache.internal.LockOnDemandCrossProcessCacheAccess] Releasing file lock for file hash cache (/workspaces/Radio_Satelital/.gradle/caches/9.2.1/fileHashes)
2026-03-21T16:02:47.312+0000 [DEBUG] [org.gradle.cache.internal.DefaultFileLockManager] Releasing lock on file hash cache (/workspaces/Radio_Satelital/.gradle/caches/9.2.1/fileHashes).
2026-03-21T16:02:47.317+0000 [DEBUG] [org.gradle.internal.operations.DefaultBuildOperationRunner] Build operation 'Deleting unused version-specific caches in /workspaces/Radio_Satelital/.gradle/caches' started
2026-03-21T16:02:47.319+0000 [DEBUG] [org.gradle.internal.operations.DefaultBuildOperationRunner] Completing Build operation 'Deleting unused version-specific caches in /workspaces/Radio_Satelital/.gradle/caches'
2026-03-21T16:02:47.320+0000 [DEBUG] [org.gradle.internal.operations.DefaultBuildOperationRunner] Build operation 'Deleting unused version-specific caches in /workspaces/Radio_Satelital/.gradle/caches' completed
2026-03-21T16:02:47.320+0000 [DEBUG] [org.gradle.launcher.daemon.server.Daemon] stop() called on daemon
2026-03-21T16:02:47.321+0000 [INFO] [org.gradle.launcher.daemon.server.Daemon] Stop requested. Daemon is removing its presence from the registry...
2026-03-21T16:02:47.321+0000 [DEBUG] [org.gradle.launcher.daemon.server.DaemonRegistryUpdater] Removing our presence to clients, eg. removing this address from the registry: [5c3b90c0-b03c-4e37-9a65-d64cbc293e3e port:42119, addresses:[localhost/127.0.0.1]]
2026-03-21T16:02:47.322+0000 [DEBUG] [org.gradle.launcher.daemon.registry.PersistentDaemonRegistry] Removing daemon address: [5c3b90c0-b03c-4e37-9a65-d64cbc293e3e port:42119, addresses:[localhost/127.0.0.1]]
2026-03-21T16:02:47.323+0000 [DEBUG] [org.gradle.cache.internal.DefaultFileLockManager] Waiting to acquire exclusive lock on daemon addresses registry.
2026-03-21T16:02:47.324+0000 [DEBUG] [org.gradle.cache.internal.DefaultFileLockManager] Lock acquired on daemon addresses registry.
2026-03-21T16:02:47.325+0000 [DEBUG] [org.gradle.cache.internal.DefaultFileLockManager] Releasing lock on daemon addresses registry.
2026-03-21T16:02:47.325+0000 [DEBUG] [org.gradle.launcher.daemon.server.DaemonRegistryUpdater] Address removed from registry.
2026-03-21T16:02:47.326+0000 [DEBUG] [org.gradle.cache.internal.locklistener.DefaultFileLockContentionHandler] File lock listener thread completed.
2026-03-21T16:02:47.332+0000 [DEBUG] [java.lang.Runtime] Runtime.exit() called with status: 0
java.lang.Throwable: Runtime.exit(0)
	at java.base/java.lang.Shutdown.logRuntimeExit(Shutdown.java:179)
	at java.base/java.lang.Shutdown.exit(Shutdown.java:160)
	at java.base/java.lang.Runtime.exit(Runtime.java:177)
	at java.base/java.lang.System.exit(System.java:1540)
	at org.gradle.launcher.bootstrap.ProcessCompleter.complete(ProcessCompleter.java:21)
	at org.gradle.launcher.bootstrap.EntryPoint.run(EntryPoint.java:62)
	at java.base/jdk.internal.reflect.DirectMethodHandleAccessor.invoke(DirectMethodHandleAccessor.java:104)
	at java.base/java.lang.reflect.Method.invoke(Method.java:565)
	at org.gradle.launcher.bootstrap.ProcessBootstrap.runNoExit(ProcessBootstrap.java:72)
	at org.gradle.launcher.bootstrap.ProcessBootstrap.run(ProcessBootstrap.java:39)
	at org.gradle.launcher.daemon.bootstrap.GradleDaemon.main(GradleDaemon.java:22)
2026-03-21T16:02:47.338+0000 [DEBUG] [org.gradle.launcher.daemon.registry.PersistentDaemonRegistry] Removing daemon address: [5c3b90c0-b03c-4e37-9a65-d64cbc293e3e port:42119, addresses:[localhost/127.0.0.1]]
2026-03-21T16:02:47.338+0000 [DEBUG] [org.gradle.launcher.daemon.server.Daemon] VM shutdown hook was unable to remove the daemon address from the registry. It will be cleaned up later.
java.lang.IllegalStateException: Cannot start managing file contention because this handler has been closed.
	at org.gradle.cache.internal.locklistener.DefaultFileLockContentionHandler.assertNotStopped(DefaultFileLockContentionHandler.java:256)
	at org.gradle.cache.internal.locklistener.DefaultFileLockContentionHandler.reservePort(DefaultFileLockContentionHandler.java:294)
	at org.gradle.cache.internal.DefaultFileLockManager.lock(DefaultFileLockManager.java:124)
	at org.gradle.cache.internal.DefaultFileLockManager.lock(DefaultFileLockManager.java:106)
	at org.gradle.cache.internal.DefaultFileLockManager.lock(DefaultFileLockManager.java:101)
	at org.gradle.cache.internal.OnDemandFileAccess.updateFile(OnDemandFileAccess.java:51)
	at org.gradle.cache.internal.FileBackedObjectHolder.update(FileBackedObjectHolder.java:77)
	at org.gradle.cache.internal.FileIntegrityViolationSuppressingObjectHolderDecorator.lambda$update$0(FileIntegrityViolationSuppressingObjectHolderDecorator.java:48)
	at org.gradle.cache.internal.FileIntegrityViolationSuppressingObjectHolderDecorator.doUpdate(FileIntegrityViolationSuppressingObjectHolderDecorator.java:58)
	at org.gradle.cache.internal.FileIntegrityViolationSuppressingObjectHolderDecorator.update(FileIntegrityViolationSuppressingObjectHolderDecorator.java:48)
	at org.gradle.launcher.daemon.registry.PersistentDaemonRegistry.remove(PersistentDaemonRegistry.java:133)
	at org.gradle.launcher.daemon.server.Daemon$1.run(Daemon.java:133)
	at java.base/java.lang.Thread.run(Thread.java:1474)
Daemon vm is shutting down... The daemon has exited normally or was terminated in response to a user interrupt.
